D:\COCOS2D\COCOS2D-X-3.0BETA\PROJECTS\COCOS-TZ\PROJ.WIN32\DEBUG.WIN32\VC110.PDB
D:\COCOS2D\COCOS2D-X-3.0BETA\PROJECTS\COCOS-TZ\PROJ.WIN32\DEBUG.WIN32\MYTABLEVIEW.OBJ
D:\COCOS2D\COCOS2D-X-3.0BETA\PROJECTS\COCOS-TZ\PROJ.WIN32\DEBUG.WIN32\TEST.OBJ
D:\COCOS2D\COCOS2D-X-3.0BETA\PROJECTS\COCOS-TZ\PROJ.WIN32\DEBUG.WIN32\APPDELEGATE.OBJ
D:\COCOS2D\COCOS2D-X-3.0BETA\PROJECTS\COCOS-TZ\PROJ.WIN32\DEBUG.WIN32\TOUCHSPRITE.OBJ
D:\COCOS2D\COCOS2D-X-3.0BETA\PROJECTS\COCOS-TZ\PROJ.WIN32\DEBUG.WIN32\COCOS-TZ.ILK
D:\COCOS2D\COCOS2D-X-3.0BETA\PROJECTS\COCOS-TZ\PROJ.WIN32\DEBUG.WIN32\COCOS-TZ.EXE
D:\COCOS2D\COCOS2D-X-3.0BETA\PROJECTS\COCOS-TZ\PROJ.WIN32\DEBUG.WIN32\COCOS-TZ.PDB
D:\COCOS2D\COCOS2D-X-3.0BETA\PROJECTS\COCOS-TZ\PROJ.WIN32\DEBUG.WIN32\GAME.RES
D:\cocos2d\cocos2d-x-3.0beta\projects\cocos-tz\proj.win32\Debug.win32\cocos-tz.vcxprojResolveAssemblyReference.cache
D:\cocos2d\cocos2d-x-3.0beta\projects\cocos-tz\proj.win32\Debug.win32\AppDelegate.obj
D:\cocos2d\cocos2d-x-3.0beta\projects\cocos-tz\proj.win32\Debug.win32\JsonFileManagement.obj
D:\cocos2d\cocos2d-x-3.0beta\projects\cocos-tz\proj.win32\Debug.win32\main.obj
D:\cocos2d\cocos2d-x-3.0beta\projects\cocos-tz\proj.win32\Debug.win32\MyTableView.obj
D:\cocos2d\cocos2d-x-3.0beta\projects\cocos-tz\proj.win32\Debug.win32\test.obj
D:\cocos2d\cocos2d-x-3.0beta\projects\cocos-tz\proj.win32\Debug.win32\TouchSprite.obj
D:\cocos2d\cocos2d-x-3.0beta\projects\cocos-tz\proj.win32\Debug.win32\cocos-tz.ilk
D:\cocos2d\cocos2d-x-3.0beta\projects\cocos-tz\proj.win32\Debug.win32\CL.10292.read.1.tlog
D:\cocos2d\cocos2d-x-3.0beta\projects\cocos-tz\proj.win32\Debug.win32\CL.10292.write.1.tlog
D:\cocos2d\cocos2d-x-3.0beta\projects\cocos-tz\proj.win32\Debug.win32\CL.10828.read.1.tlog
D:\cocos2d\cocos2d-x-3.0beta\projects\cocos-tz\proj.win32\Debug.win32\CL.10828.write.1.tlog
D:\cocos2d\cocos2d-x-3.0beta\projects\cocos-tz\proj.win32\Debug.win32\CL.1184.read.1.tlog
D:\cocos2d\cocos2d-x-3.0beta\projects\cocos-tz\proj.win32\Debug.win32\CL.1184.write.1.tlog
D:\cocos2d\cocos2d-x-3.0beta\projects\cocos-tz\proj.win32\Debug.win32\CL.13384.read.1.tlog
D:\cocos2d\cocos2d-x-3.0beta\projects\cocos-tz\proj.win32\Debug.win32\CL.13384.write.1.tlog
D:\cocos2d\cocos2d-x-3.0beta\projects\cocos-tz\proj.win32\Debug.win32\CL.13808.read.1.tlog
D:\cocos2d\cocos2d-x-3.0beta\projects\cocos-tz\proj.win32\Debug.win32\CL.13808.write.1.tlog
D:\cocos2d\cocos2d-x-3.0beta\projects\cocos-tz\proj.win32\Debug.win32\CL.17160.read.1.tlog
D:\cocos2d\cocos2d-x-3.0beta\projects\cocos-tz\proj.win32\Debug.win32\CL.17160.write.1.tlog
D:\cocos2d\cocos2d-x-3.0beta\projects\cocos-tz\proj.win32\Debug.win32\CL.17488.read.1.tlog
D:\cocos2d\cocos2d-x-3.0beta\projects\cocos-tz\proj.win32\Debug.win32\CL.17488.write.1.tlog
D:\cocos2d\cocos2d-x-3.0beta\projects\cocos-tz\proj.win32\Debug.win32\CL.18336.read.1.tlog
D:\cocos2d\cocos2d-x-3.0beta\projects\cocos-tz\proj.win32\Debug.win32\CL.18336.write.1.tlog
D:\cocos2d\cocos2d-x-3.0beta\projects\cocos-tz\proj.win32\Debug.win32\CL.19264.read.1.tlog
D:\cocos2d\cocos2d-x-3.0beta\projects\cocos-tz\proj.win32\Debug.win32\CL.19264.write.1.tlog
D:\cocos2d\cocos2d-x-3.0beta\projects\cocos-tz\proj.win32\Debug.win32\CL.20780.read.1.tlog
D:\cocos2d\cocos2d-x-3.0beta\projects\cocos-tz\proj.win32\Debug.win32\CL.20780.write.1.tlog
D:\cocos2d\cocos2d-x-3.0beta\projects\cocos-tz\proj.win32\Debug.win32\CL.22544.read.1.tlog
D:\cocos2d\cocos2d-x-3.0beta\projects\cocos-tz\proj.win32\Debug.win32\CL.22544.write.1.tlog
D:\cocos2d\cocos2d-x-3.0beta\projects\cocos-tz\proj.win32\Debug.win32\CL.24756.read.1.tlog
D:\cocos2d\cocos2d-x-3.0beta\projects\cocos-tz\proj.win32\Debug.win32\CL.24756.write.1.tlog
D:\cocos2d\cocos2d-x-3.0beta\projects\cocos-tz\proj.win32\Debug.win32\CL.30388.read.1.tlog
D:\cocos2d\cocos2d-x-3.0beta\projects\cocos-tz\proj.win32\Debug.win32\CL.30388.write.1.tlog
D:\cocos2d\cocos2d-x-3.0beta\projects\cocos-tz\proj.win32\Debug.win32\CL.32076.read.1.tlog
D:\cocos2d\cocos2d-x-3.0beta\projects\cocos-tz\proj.win32\Debug.win32\CL.32076.write.1.tlog
D:\cocos2d\cocos2d-x-3.0beta\projects\cocos-tz\proj.win32\Debug.win32\CL.32460.read.1.tlog
D:\cocos2d\cocos2d-x-3.0beta\projects\cocos-tz\proj.win32\Debug.win32\CL.32460.write.1.tlog
D:\cocos2d\cocos2d-x-3.0beta\projects\cocos-tz\proj.win32\Debug.win32\CL.37244.read.1.tlog
D:\cocos2d\cocos2d-x-3.0beta\projects\cocos-tz\proj.win32\Debug.win32\CL.37244.write.1.tlog
D:\cocos2d\cocos2d-x-3.0beta\projects\cocos-tz\proj.win32\Debug.win32\CL.3860.read.1.tlog
D:\cocos2d\cocos2d-x-3.0beta\projects\cocos-tz\proj.win32\Debug.win32\CL.3860.write.1.tlog
D:\cocos2d\cocos2d-x-3.0beta\projects\cocos-tz\proj.win32\Debug.win32\CL.39868.read.1.tlog
D:\cocos2d\cocos2d-x-3.0beta\projects\cocos-tz\proj.win32\Debug.win32\CL.39868.write.1.tlog
D:\cocos2d\cocos2d-x-3.0beta\projects\cocos-tz\proj.win32\Debug.win32\CL.42796.read.1.tlog
D:\cocos2d\cocos2d-x-3.0beta\projects\cocos-tz\proj.win32\Debug.win32\CL.42796.write.1.tlog
D:\cocos2d\cocos2d-x-3.0beta\projects\cocos-tz\proj.win32\Debug.win32\CL.44328.read.1.tlog
D:\cocos2d\cocos2d-x-3.0beta\projects\cocos-tz\proj.win32\Debug.win32\CL.44328.write.1.tlog
D:\cocos2d\cocos2d-x-3.0beta\projects\cocos-tz\proj.win32\Debug.win32\CL.44936.read.1.tlog
D:\cocos2d\cocos2d-x-3.0beta\projects\cocos-tz\proj.win32\Debug.win32\CL.44936.write.1.tlog
D:\cocos2d\cocos2d-x-3.0beta\projects\cocos-tz\proj.win32\Debug.win32\CL.47148.read.1.tlog
D:\cocos2d\cocos2d-x-3.0beta\projects\cocos-tz\proj.win32\Debug.win32\CL.47148.write.1.tlog
D:\cocos2d\cocos2d-x-3.0beta\projects\cocos-tz\proj.win32\Debug.win32\CL.49584.read.1.tlog
D:\cocos2d\cocos2d-x-3.0beta\projects\cocos-tz\proj.win32\Debug.win32\CL.49584.write.1.tlog
D:\cocos2d\cocos2d-x-3.0beta\projects\cocos-tz\proj.win32\Debug.win32\CL.50644.read.1.tlog
D:\cocos2d\cocos2d-x-3.0beta\projects\cocos-tz\proj.win32\Debug.win32\CL.50644.write.1.tlog
D:\cocos2d\cocos2d-x-3.0beta\projects\cocos-tz\proj.win32\Debug.win32\CL.50904.read.1.tlog
D:\cocos2d\cocos2d-x-3.0beta\projects\cocos-tz\proj.win32\Debug.win32\CL.50904.write.1.tlog
D:\cocos2d\cocos2d-x-3.0beta\projects\cocos-tz\proj.win32\Debug.win32\CL.62396.read.1.tlog
D:\cocos2d\cocos2d-x-3.0beta\projects\cocos-tz\proj.win32\Debug.win32\CL.62396.write.1.tlog
D:\cocos2d\cocos2d-x-3.0beta\projects\cocos-tz\proj.win32\Debug.win32\CL.66192.read.1.tlog
D:\cocos2d\cocos2d-x-3.0beta\projects\cocos-tz\proj.win32\Debug.win32\CL.66192.write.1.tlog
D:\cocos2d\cocos2d-x-3.0beta\projects\cocos-tz\proj.win32\Debug.win32\CL.67952.read.1.tlog
D:\cocos2d\cocos2d-x-3.0beta\projects\cocos-tz\proj.win32\Debug.win32\CL.67952.write.1.tlog
D:\cocos2d\cocos2d-x-3.0beta\projects\cocos-tz\proj.win32\Debug.win32\CL.68176.read.1.tlog
D:\cocos2d\cocos2d-x-3.0beta\projects\cocos-tz\proj.win32\Debug.win32\CL.68176.write.1.tlog
D:\cocos2d\cocos2d-x-3.0beta\projects\cocos-tz\proj.win32\Debug.win32\CL.7776.read.1.tlog
D:\cocos2d\cocos2d-x-3.0beta\projects\cocos-tz\proj.win32\Debug.win32\CL.7776.write.1.tlog
D:\cocos2d\cocos2d-x-3.0beta\projects\cocos-tz\proj.win32\Debug.win32\CL.8092.read.1.tlog
D:\cocos2d\cocos2d-x-3.0beta\projects\cocos-tz\proj.win32\Debug.win32\CL.8092.write.1.tlog
D:\cocos2d\cocos2d-x-3.0beta\projects\cocos-tz\proj.win32\Debug.win32\CL.8868.read.1.tlog
D:\cocos2d\cocos2d-x-3.0beta\projects\cocos-tz\proj.win32\Debug.win32\CL.8868.write.1.tlog
D:\cocos2d\cocos2d-x-3.0beta\projects\cocos-tz\proj.win32\Debug.win32\cl.command.1.tlog
D:\cocos2d\cocos2d-x-3.0beta\projects\cocos-tz\proj.win32\Debug.win32\CL.read.1.tlog
D:\cocos2d\cocos2d-x-3.0beta\projects\cocos-tz\proj.win32\Debug.win32\cl.write.1.tlog
D:\cocos2d\cocos2d-x-3.0beta\projects\cocos-tz\proj.win32\Debug.win32\link-cvtres.read.1.tlog
D:\cocos2d\cocos2d-x-3.0beta\projects\cocos-tz\proj.win32\Debug.win32\link-cvtres.write.1.tlog
D:\cocos2d\cocos2d-x-3.0beta\projects\cocos-tz\proj.win32\Debug.win32\link-rc.read.1.tlog
D:\cocos2d\cocos2d-x-3.0beta\projects\cocos-tz\proj.win32\Debug.win32\link-rc.write.1.tlog
D:\cocos2d\cocos2d-x-3.0beta\projects\cocos-tz\proj.win32\Debug.win32\link.23264-cvtres.read.1.tlog
D:\cocos2d\cocos2d-x-3.0beta\projects\cocos-tz\proj.win32\Debug.win32\link.23264-cvtres.write.1.tlog
D:\cocos2d\cocos2d-x-3.0beta\projects\cocos-tz\proj.win32\Debug.win32\link.23264-rc.read.1.tlog
D:\cocos2d\cocos2d-x-3.0beta\projects\cocos-tz\proj.win32\Debug.win32\link.23264-rc.write.1.tlog
D:\cocos2d\cocos2d-x-3.0beta\projects\cocos-tz\proj.win32\Debug.win32\link.23264.read.1.tlog
D:\cocos2d\cocos2d-x-3.0beta\projects\cocos-tz\proj.win32\Debug.win32\link.23264.write.1.tlog
D:\cocos2d\cocos2d-x-3.0beta\projects\cocos-tz\proj.win32\Debug.win32\link.32996-cvtres.read.1.tlog
D:\cocos2d\cocos2d-x-3.0beta\projects\cocos-tz\proj.win32\Debug.win32\link.32996-cvtres.write.1.tlog
D:\cocos2d\cocos2d-x-3.0beta\projects\cocos-tz\proj.win32\Debug.win32\link.32996-rc.read.1.tlog
D:\cocos2d\cocos2d-x-3.0beta\projects\cocos-tz\proj.win32\Debug.win32\link.32996-rc.write.1.tlog
D:\cocos2d\cocos2d-x-3.0beta\projects\cocos-tz\proj.win32\Debug.win32\link.32996.read.1.tlog
D:\cocos2d\cocos2d-x-3.0beta\projects\cocos-tz\proj.win32\Debug.win32\link.32996.write.1.tlog
D:\cocos2d\cocos2d-x-3.0beta\projects\cocos-tz\proj.win32\Debug.win32\link.40660-cvtres.read.1.tlog
D:\cocos2d\cocos2d-x-3.0beta\projects\cocos-tz\proj.win32\Debug.win32\link.40660-cvtres.write.1.tlog
D:\cocos2d\cocos2d-x-3.0beta\projects\cocos-tz\proj.win32\Debug.win32\link.40660-rc.read.1.tlog
D:\cocos2d\cocos2d-x-3.0beta\projects\cocos-tz\proj.win32\Debug.win32\link.40660-rc.write.1.tlog
D:\cocos2d\cocos2d-x-3.0beta\projects\cocos-tz\proj.win32\Debug.win32\link.40660.read.1.tlog
D:\cocos2d\cocos2d-x-3.0beta\projects\cocos-tz\proj.win32\Debug.win32\link.40660.write.1.tlog
D:\cocos2d\cocos2d-x-3.0beta\projects\cocos-tz\proj.win32\Debug.win32\link.59976-cvtres.read.1.tlog
D:\cocos2d\cocos2d-x-3.0beta\projects\cocos-tz\proj.win32\Debug.win32\link.59976-cvtres.write.1.tlog
D:\cocos2d\cocos2d-x-3.0beta\projects\cocos-tz\proj.win32\Debug.win32\link.59976-rc.read.1.tlog
D:\cocos2d\cocos2d-x-3.0beta\projects\cocos-tz\proj.win32\Debug.win32\link.59976-rc.write.1.tlog
D:\cocos2d\cocos2d-x-3.0beta\projects\cocos-tz\proj.win32\Debug.win32\link.59976.read.1.tlog
D:\cocos2d\cocos2d-x-3.0beta\projects\cocos-tz\proj.win32\Debug.win32\link.59976.write.1.tlog
D:\cocos2d\cocos2d-x-3.0beta\projects\cocos-tz\proj.win32\Debug.win32\link.61148-cvtres.read.1.tlog
D:\cocos2d\cocos2d-x-3.0beta\projects\cocos-tz\proj.win32\Debug.win32\link.61148-cvtres.write.1.tlog
D:\cocos2d\cocos2d-x-3.0beta\projects\cocos-tz\proj.win32\Debug.win32\link.61148-rc.read.1.tlog
D:\cocos2d\cocos2d-x-3.0beta\projects\cocos-tz\proj.win32\Debug.win32\link.61148-rc.write.1.tlog
D:\cocos2d\cocos2d-x-3.0beta\projects\cocos-tz\proj.win32\Debug.win32\link.61148.read.1.tlog
D:\cocos2d\cocos2d-x-3.0beta\projects\cocos-tz\proj.win32\Debug.win32\link.61148.write.1.tlog
D:\cocos2d\cocos2d-x-3.0beta\projects\cocos-tz\proj.win32\Debug.win32\link.command.1.tlog
D:\cocos2d\cocos2d-x-3.0beta\projects\cocos-tz\proj.win32\Debug.win32\link.read.1.tlog
D:\cocos2d\cocos2d-x-3.0beta\projects\cocos-tz\proj.win32\Debug.win32\link.write.1.tlog
D:\cocos2d\cocos2d-x-3.0beta\projects\cocos-tz\proj.win32\Debug.win32\rc.command.1.tlog
D:\cocos2d\cocos2d-x-3.0beta\projects\cocos-tz\proj.win32\Debug.win32\rc.read.1.tlog
D:\cocos2d\cocos2d-x-3.0beta\projects\cocos-tz\proj.win32\Debug.win32\rc.write.1.tlog
D:\cocos2d\cocos2d-x-3.0beta\projects\cocos-tz\proj.win32\Debug.win32\game.res
D:\cocos2d\cocos2d-x-3.0beta\projects\cocos-tz\proj.win32\Debug.win32\vc110.idb
D:\cocos2d\cocos2d-x-3.0beta\projects\cocos-tz\proj.win32\Debug.win32\cocos-tz.pdb
D:\cocos2d\cocos2d-x-3.0beta\projects\cocos-tz\proj.win32\Debug.win32\vc110.pdb
D:\cocos2d\cocos2d-x-3.0beta\projects\cocos-tz\proj.win32\Debug.win32\cocos-tz.exe
